[2017-08-17 13:22:15] production.ERROR: exception 'Symfony\Component\Debug\Exception\FatalErrorException' with message 'syntax error, unexpected '}'' in /usr/home/user9/apps/tinyurl/app/routes.php:17
Stack trace:
#0 [internal function]: Illuminate\Exception\Handler->handleShutdown()
#1 {main} [] []
[2017-08-17 13:22:43] production.ERROR: exception 'Symfony\Component\Debug\Exception\FatalErrorException' with message 'syntax error, unexpected '}'' in /usr/home/user9/apps/tinyurl/app/routes.php:17
Stack trace:
#0 [internal function]: Illuminate\Exception\Handler->handleShutdown()
#1 {main} [] []
[2017-08-17 13:23:00] production.ERROR: exception 'ReflectionException' with message 'Class IndexController does not exist' in /usr/home/user9/apps/tinyurl/bootstrap/compiled.php:235
Stack trace:
#0 /usr/home/user9/apps/tinyurl/bootstrap/compiled.php(235): ReflectionClass->__construct('IndexController')
#1 /usr/home/user9/apps/tinyurl/bootstrap/compiled.php(205): Illuminate\Container\Container->build('IndexController', Array)
#2 /usr/home/user9/apps/tinyurl/bootstrap/compiled.php(565): Illuminate\Container\Container->make('IndexController', Array)
#3 /usr/home/user9/apps/tinyurl/bootstrap/compiled.php(3814): Illuminate\Foundation\Application->make('IndexController')
#4 /usr/home/user9/apps/tinyurl/bootstrap/compiled.php(3803): Illuminate\Routing\ControllerDispatcher->makeController('IndexController')
#5 /usr/home/user9/apps/tinyurl/bootstrap/compiled.php(3012): Illuminate\Routing\ControllerDispatcher->dispatch(Object(Illuminate\Routing\Route), Object(Illuminate\Http\Request), 'IndexController', 'showIndex')
#6 [internal function]: Illuminate\Routing\Router->Illuminate\Routing\{closure}()
#7 /usr/home/user9/apps/tinyurl/bootstrap/compiled.php(3370): call_user_func_array(Object(Closure), Array)
#8 /usr/home/user9/apps/tinyurl/bootstrap/compiled.php(3037): Illuminate\Routing\Route->run(Object(Illuminate\Http\Request))
#9 /usr/home/user9/apps/tinyurl/bootstrap/compiled.php(3025): Illuminate\Routing\Router->dispatchToRoute(Object(Illuminate\Http\Request))
#10 /usr/home/user9/apps/tinyurl/bootstrap/compiled.php(702): Illuminate\Routing\Router->dispatch(Object(Illuminate\Http\Request))
#11 /usr/home/user9/apps/tinyurl/bootstrap/compiled.php(678): Illuminate\Foundation\Application->dispatch(Object(Illuminate\Http\Request))
#12 /usr/home/user9/apps/tinyurl/bootstrap/compiled.php(5797): Illuminate\Foundation\Application->handle(Object(Illuminate\Http\Request), 1, true)
#13 /usr/home/user9/apps/tinyurl/bootstrap/compiled.php(6404): Illuminate\Session\Middleware->handle(Object(Illuminate\Http\Request), 1, true)
#14 /usr/home/user9/apps/tinyurl/bootstrap/compiled.php(6351): Illuminate\Cookie\Queue->handle(Object(Illuminate\Http\Request), 1, true)
#15 /usr/home/user9/apps/tinyurl/bootstrap/compiled.php(8367): Illuminate\Cookie\Guard->handle(Object(Illuminate\Http\Request), 1, true)
#16 /usr/home/user9/apps/tinyurl/bootstrap/compiled.php(639): Stack\StackedHttpKernel->handle(Object(Illuminate\Http\Request))
#17 /usr/home/user9/apps/tinyurl/public/index.php(49): Illuminate\Foundation\Application->run()
#18 {main} [] []
[2017-08-17 13:23:08] production.ERROR: exception 'ReflectionException' with message 'Class IndexController does not exist' in /usr/home/user9/apps/tinyurl/bootstrap/compiled.php:235
Stack trace:
#0 /usr/home/user9/apps/tinyurl/bootstrap/compiled.php(235): ReflectionClass->__construct('IndexController')
#1 /usr/home/user9/apps/tinyurl/bootstrap/compiled.php(205): Illuminate\Container\Container->build('IndexController', Array)
#2 /usr/home/user9/apps/tinyurl/bootstrap/compiled.php(565): Illuminate\Container\Container->make('IndexController', Array)
#3 /usr/home/user9/apps/tinyurl/bootstrap/compiled.php(3814): Illuminate\Foundation\Application->make('IndexController')
#4 /usr/home/user9/apps/tinyurl/bootstrap/compiled.php(3803): Illuminate\Routing\ControllerDispatcher->makeController('IndexController')
#5 /usr/home/user9/apps/tinyurl/bootstrap/compiled.php(3012): Illuminate\Routing\ControllerDispatcher->dispatch(Object(Illuminate\Routing\Route), Object(Illuminate\Http\Request), 'IndexController', 'showIndex')
#6 [internal function]: Illuminate\Routing\Router->Illuminate\Routing\{closure}()
#7 /usr/home/user9/apps/tinyurl/bootstrap/compiled.php(3370): call_user_func_array(Object(Closure), Array)
#8 /usr/home/user9/apps/tinyurl/bootstrap/compiled.php(3037): Illuminate\Routing\Route->run(Object(Illuminate\Http\Request))
#9 /usr/home/user9/apps/tinyurl/bootstrap/compiled.php(3025): Illuminate\Routing\Router->dispatchToRoute(Object(Illuminate\Http\Request))
#10 /usr/home/user9/apps/tinyurl/bootstrap/compiled.php(702): Illuminate\Routing\Router->dispatch(Object(Illuminate\Http\Request))
#11 /usr/home/user9/apps/tinyurl/bootstrap/compiled.php(678): Illuminate\Foundation\Application->dispatch(Object(Illuminate\Http\Request))
#12 /usr/home/user9/apps/tinyurl/bootstrap/compiled.php(5797): Illuminate\Foundation\Application->handle(Object(Illuminate\Http\Request), 1, true)
#13 /usr/home/user9/apps/tinyurl/bootstrap/compiled.php(6404): Illuminate\Session\Middleware->handle(Object(Illuminate\Http\Request), 1, true)
#14 /usr/home/user9/apps/tinyurl/bootstrap/compiled.php(6351): Illuminate\Cookie\Queue->handle(Object(Illuminate\Http\Request), 1, true)
#15 /usr/home/user9/apps/tinyurl/bootstrap/compiled.php(8367): Illuminate\Cookie\Guard->handle(Object(Illuminate\Http\Request), 1, true)
#16 /usr/home/user9/apps/tinyurl/bootstrap/compiled.php(639): Stack\StackedHttpKernel->handle(Object(Illuminate\Http\Request))
#17 /usr/home/user9/apps/tinyurl/public/index.php(49): Illuminate\Foundation\Application->run()
#18 {main} [] []
[2017-08-17 14:41:56] production.ERROR: exception 'InvalidArgumentException' with message 'The HTTP status code "1" is not valid.' in /usr/home/user9/apps/tinyurl/vendor/symfony/http-foundation/Response.php:458
Stack trace:
#0 /usr/home/user9/apps/tinyurl/vendor/symfony/http-foundation/Response.php(203): Symfony\Component\HttpFoundation\Response->setStatusCode(Array)
#1 /usr/home/user9/apps/tinyurl/vendor/symfony/http-foundation/RedirectResponse.php(37): Symfony\Component\HttpFoundation\Response->__construct('', Array, Array)
#2 /usr/home/user9/apps/tinyurl/vendor/laravel/framework/src/Illuminate/Routing/Redirector.php(186): Symfony\Component\HttpFoundation\RedirectResponse->__construct('http://192.168....', Array, Array)
#3 /usr/home/user9/apps/tinyurl/vendor/laravel/framework/src/Illuminate/Routing/Redirector.php(115): Illuminate\Routing\Redirector->createRedirect('http://192.168....', Array, Array)
#4 /usr/home/user9/apps/tinyurl/vendor/laravel/framework/src/Illuminate/Support/Facades/Facade.php(211): Illuminate\Routing\Redirector->to('/', Array)
#5 /usr/home/user9/apps/tinyurl/app/controllers/IndexController.php(36): Illuminate\Support\Facades\Facade::__callStatic('to', Array)
#6 /usr/home/user9/apps/tinyurl/app/controllers/IndexController.php(36): Illuminate\Support\Facades\Redirect::to('/', Array)
#7 [internal function]: IndexController->getRedirect('2')
#8 /usr/home/user9/apps/tinyurl/vendor/laravel/framework/src/Illuminate/Routing/Controller.php(231): call_user_func_array(Array, Array)
#9 /usr/home/user9/apps/tinyurl/vendor/laravel/framework/src/Illuminate/Routing/ControllerDispatcher.php(93): Illuminate\Routing\Controller->callAction('getRedirect', Array)
#10 /usr/home/user9/apps/tinyurl/vendor/laravel/framework/src/Illuminate/Routing/ControllerDispatcher.php(62): Illuminate\Routing\ControllerDispatcher->call(Object(IndexController), Object(Illuminate\Routing\Route), 'getRedirect')
#11 /usr/home/user9/apps/tinyurl/vendor/laravel/framework/src/Illuminate/Routing/Router.php(967): Illuminate\Routing\ControllerDispatcher->dispatch(Object(Illuminate\Routing\Route), Object(Illuminate\Http\Request), 'IndexController', 'getRedirect')
#12 [internal function]: Illuminate\Routing\Router->Illuminate\Routing\{closure}('2')
#13 /usr/home/user9/apps/tinyurl/vendor/laravel/framework/src/Illuminate/Routing/Route.php(109): call_user_func_array(Object(Closure), Array)
#14 /usr/home/user9/apps/tinyurl/vendor/laravel/framework/src/Illuminate/Routing/Router.php(1033): Illuminate\Routing\Route->run(Object(Illuminate\Http\Request))
#15 /usr/home/user9/apps/tinyurl/vendor/laravel/framework/src/Illuminate/Routing/Router.php(1001): Illuminate\Routing\Router->dispatchToRoute(Object(Illuminate\Http\Request))
#16 /usr/home/user9/apps/tinyurl/vendor/laravel/framework/src/Illuminate/Foundation/Application.php(781): Illuminate\Routing\Router->dispatch(Object(Illuminate\Http\Request))
#17 /usr/home/user9/apps/tinyurl/vendor/laravel/framework/src/Illuminate/Foundation/Application.php(745): Illuminate\Foundation\Application->dispatch(Object(Illuminate\Http\Request))
#18 /usr/home/user9/apps/tinyurl/vendor/laravel/framework/src/Illuminate/Session/Middleware.php(72): Illuminate\Foundation\Application->handle(Object(Illuminate\Http\Request), 1, true)
#19 /usr/home/user9/apps/tinyurl/vendor/laravel/framework/src/Illuminate/Cookie/Queue.php(47): Illuminate\Session\Middleware->handle(Object(Illuminate\Http\Request), 1, true)
#20 /usr/home/user9/apps/tinyurl/vendor/laravel/framework/src/Illuminate/Cookie/Guard.php(51): Illuminate\Cookie\Queue->handle(Object(Illuminate\Http\Request), 1, true)
#21 /usr/home/user9/apps/tinyurl/vendor/stack/builder/src/Stack/StackedHttpKernel.php(23): Illuminate\Cookie\Guard->handle(Object(Illuminate\Http\Request), 1, true)
#22 /usr/home/user9/apps/tinyurl/vendor/laravel/framework/src/Illuminate/Foundation/Application.php(641): Stack\StackedHttpKernel->handle(Object(Illuminate\Http\Request))
#23 /usr/home/user9/apps/tinyurl/public/index.php(49): Illuminate\Foundation\Application->run()
#24 {main} [] []
[2017-08-17 14:42:52] production.ERROR: exception 'InvalidArgumentException' with message 'The HTTP status code "1" is not valid.' in /usr/home/user9/apps/tinyurl/vendor/symfony/http-foundation/Response.php:458
Stack trace:
#0 /usr/home/user9/apps/tinyurl/vendor/symfony/http-foundation/Response.php(203): Symfony\Component\HttpFoundation\Response->setStatusCode(Array)
#1 /usr/home/user9/apps/tinyurl/vendor/symfony/http-foundation/RedirectResponse.php(37): Symfony\Component\HttpFoundation\Response->__construct('', Array, Array)
#2 /usr/home/user9/apps/tinyurl/vendor/laravel/framework/src/Illuminate/Routing/Redirector.php(186): Symfony\Component\HttpFoundation\RedirectResponse->__construct('http://192.168....', Array, Array)
#3 /usr/home/user9/apps/tinyurl/vendor/laravel/framework/src/Illuminate/Routing/Redirector.php(115): Illuminate\Routing\Redirector->createRedirect('http://192.168....', Array, Array)
#4 /usr/home/user9/apps/tinyurl/vendor/laravel/framework/src/Illuminate/Support/Facades/Facade.php(211): Illuminate\Routing\Redirector->to('/', Array)
#5 /usr/home/user9/apps/tinyurl/app/controllers/IndexController.php(36): Illuminate\Support\Facades\Facade::__callStatic('to', Array)
#6 /usr/home/user9/apps/tinyurl/app/controllers/IndexController.php(36): Illuminate\Support\Facades\Redirect::to('/', Array)
#7 [internal function]: IndexController->getRedirect('3')
#8 /usr/home/user9/apps/tinyurl/vendor/laravel/framework/src/Illuminate/Routing/Controller.php(231): call_user_func_array(Array, Array)
#9 /usr/home/user9/apps/tinyurl/vendor/laravel/framework/src/Illuminate/Routing/ControllerDispatcher.php(93): Illuminate\Routing\Controller->callAction('getRedirect', Array)
#10 /usr/home/user9/apps/tinyurl/vendor/laravel/framework/src/Illuminate/Routing/ControllerDispatcher.php(62): Illuminate\Routing\ControllerDispatcher->call(Object(IndexController), Object(Illuminate\Routing\Route), 'getRedirect')
#11 /usr/home/user9/apps/tinyurl/vendor/laravel/framework/src/Illuminate/Routing/Router.php(967): Illuminate\Routing\ControllerDispatcher->dispatch(Object(Illuminate\Routing\Route), Object(Illuminate\Http\Request), 'IndexController', 'getRedirect')
#12 [internal function]: Illuminate\Routing\Router->Illuminate\Routing\{closure}('3')
#13 /usr/home/user9/apps/tinyurl/vendor/laravel/framework/src/Illuminate/Routing/Route.php(109): call_user_func_array(Object(Closure), Array)
#14 /usr/home/user9/apps/tinyurl/vendor/laravel/framework/src/Illuminate/Routing/Router.php(1033): Illuminate\Routing\Route->run(Object(Illuminate\Http\Request))
#15 /usr/home/user9/apps/tinyurl/vendor/laravel/framework/src/Illuminate/Routing/Router.php(1001): Illuminate\Routing\Router->dispatchToRoute(Object(Illuminate\Http\Request))
#16 /usr/home/user9/apps/tinyurl/vendor/laravel/framework/src/Illuminate/Foundation/Application.php(781): Illuminate\Routing\Router->dispatch(Object(Illuminate\Http\Request))
#17 /usr/home/user9/apps/tinyurl/vendor/laravel/framework/src/Illuminate/Foundation/Application.php(745): Illuminate\Foundation\Application->dispatch(Object(Illuminate\Http\Request))
#18 /usr/home/user9/apps/tinyurl/vendor/laravel/framework/src/Illuminate/Session/Middleware.php(72): Illuminate\Foundation\Application->handle(Object(Illuminate\Http\Request), 1, true)
#19 /usr/home/user9/apps/tinyurl/vendor/laravel/framework/src/Illuminate/Cookie/Queue.php(47): Illuminate\Session\Middleware->handle(Object(Illuminate\Http\Request), 1, true)
#20 /usr/home/user9/apps/tinyurl/vendor/laravel/framework/src/Illuminate/Cookie/Guard.php(51): Illuminate\Cookie\Queue->handle(Object(Illuminate\Http\Request), 1, true)
#21 /usr/home/user9/apps/tinyurl/vendor/stack/builder/src/Stack/StackedHttpKernel.php(23): Illuminate\Cookie\Guard->handle(Object(Illuminate\Http\Request), 1, true)
#22 /usr/home/user9/apps/tinyurl/vendor/laravel/framework/src/Illuminate/Foundation/Application.php(641): Stack\StackedHttpKernel->handle(Object(Illuminate\Http\Request))
#23 /usr/home/user9/apps/tinyurl/public/index.php(49): Illuminate\Foundation\Application->run()
#24 {main} [] []
[2017-08-17 14:43:55] production.ERROR: exception 'InvalidArgumentException' with message 'The HTTP status code "1" is not valid.' in /usr/home/user9/apps/tinyurl/vendor/symfony/http-foundation/Response.php:458
Stack trace:
#0 /usr/home/user9/apps/tinyurl/vendor/symfony/http-foundation/Response.php(203): Symfony\Component\HttpFoundation\Response->setStatusCode(Array)
#1 /usr/home/user9/apps/tinyurl/vendor/symfony/http-foundation/RedirectResponse.php(37): Symfony\Component\HttpFoundation\Response->__construct('', Array, Array)
#2 /usr/home/user9/apps/tinyurl/vendor/laravel/framework/src/Illuminate/Routing/Redirector.php(186): Symfony\Component\HttpFoundation\RedirectResponse->__construct('http://192.168....', Array, Array)
#3 /usr/home/user9/apps/tinyurl/vendor/laravel/framework/src/Illuminate/Routing/Redirector.php(115): Illuminate\Routing\Redirector->createRedirect('http://192.168....', Array, Array)
#4 /usr/home/user9/apps/tinyurl/vendor/laravel/framework/src/Illuminate/Support/Facades/Facade.php(211): Illuminate\Routing\Redirector->to('/', Array)
#5 /usr/home/user9/apps/tinyurl/app/controllers/IndexController.php(36): Illuminate\Support\Facades\Facade::__callStatic('to', Array)
#6 /usr/home/user9/apps/tinyurl/app/controllers/IndexController.php(36): Illuminate\Support\Facades\Redirect::to('/', Array)
#7 [internal function]: IndexController->getRedirect('3')
#8 /usr/home/user9/apps/tinyurl/vendor/laravel/framework/src/Illuminate/Routing/Controller.php(231): call_user_func_array(Array, Array)
#9 /usr/home/user9/apps/tinyurl/vendor/laravel/framework/src/Illuminate/Routing/ControllerDispatcher.php(93): Illuminate\Routing\Controller->callAction('getRedirect', Array)
#10 /usr/home/user9/apps/tinyurl/vendor/laravel/framework/src/Illuminate/Routing/ControllerDispatcher.php(62): Illuminate\Routing\ControllerDispatcher->call(Object(IndexController), Object(Illuminate\Routing\Route), 'getRedirect')
#11 /usr/home/user9/apps/tinyurl/vendor/laravel/framework/src/Illuminate/Routing/Router.php(967): Illuminate\Routing\ControllerDispatcher->dispatch(Object(Illuminate\Routing\Route), Object(Illuminate\Http\Request), 'IndexController', 'getRedirect')
#12 [internal function]: Illuminate\Routing\Router->Illuminate\Routing\{closure}('3')
#13 /usr/home/user9/apps/tinyurl/vendor/laravel/framework/src/Illuminate/Routing/Route.php(109): call_user_func_array(Object(Closure), Array)
#14 /usr/home/user9/apps/tinyurl/vendor/laravel/framework/src/Illuminate/Routing/Router.php(1033): Illuminate\Routing\Route->run(Object(Illuminate\Http\Request))
#15 /usr/home/user9/apps/tinyurl/vendor/laravel/framework/src/Illuminate/Routing/Router.php(1001): Illuminate\Routing\Router->dispatchToRoute(Object(Illuminate\Http\Request))
#16 /usr/home/user9/apps/tinyurl/vendor/laravel/framework/src/Illuminate/Foundation/Application.php(781): Illuminate\Routing\Router->dispatch(Object(Illuminate\Http\Request))
#17 /usr/home/user9/apps/tinyurl/vendor/laravel/framework/src/Illuminate/Foundation/Application.php(745): Illuminate\Foundation\Application->dispatch(Object(Illuminate\Http\Request))
#18 /usr/home/user9/apps/tinyurl/vendor/laravel/framework/src/Illuminate/Session/Middleware.php(72): Illuminate\Foundation\Application->handle(Object(Illuminate\Http\Request), 1, true)
#19 /usr/home/user9/apps/tinyurl/vendor/laravel/framework/src/Illuminate/Cookie/Queue.php(47): Illuminate\Session\Middleware->handle(Object(Illuminate\Http\Request), 1, true)
#20 /usr/home/user9/apps/tinyurl/vendor/laravel/framework/src/Illuminate/Cookie/Guard.php(51): Illuminate\Cookie\Queue->handle(Object(Illuminate\Http\Request), 1, true)
#21 /usr/home/user9/apps/tinyurl/vendor/stack/builder/src/Stack/StackedHttpKernel.php(23): Illuminate\Cookie\Guard->handle(Object(Illuminate\Http\Request), 1, true)
#22 /usr/home/user9/apps/tinyurl/vendor/laravel/framework/src/Illuminate/Foundation/Application.php(641): Stack\StackedHttpKernel->handle(Object(Illuminate\Http\Request))
#23 /usr/home/user9/apps/tinyurl/public/index.php(49): Illuminate\Foundation\Application->run()
#24 {main} [] []
[2017-08-17 15:05:51] production.ERROR: exception 'ErrorException' with message 'call_user_func_array() expects parameter 1 to be a valid callback, class 'Illuminate\Support\MessageBag' does not have a method 'furst'' in /usr/home/user9/apps/tinyurl/vendor/laravel/framework/src/Illuminate/Support/ViewErrorBag.php:79
Stack trace:
#0 [internal function]: Illuminate\Exception\Handler->handleError(2, 'call_user_func_...', '/usr/home/user9...', 79, Array)
#1 /usr/home/user9/apps/tinyurl/vendor/laravel/framework/src/Illuminate/Support/ViewErrorBag.php(79): call_user_func_array(Array, Array)
#2 /usr/home/user9/apps/tinyurl/app/storage/views/08c179d84ae31885c622a2650348c0c7(14): Illuminate\Support\ViewErrorBag->__call('furst', Array)
#3 /usr/home/user9/apps/tinyurl/app/storage/views/08c179d84ae31885c622a2650348c0c7(14): Illuminate\Support\ViewErrorBag->furst('url')
#4 /usr/home/user9/apps/tinyurl/vendor/laravel/framework/src/Illuminate/View/Engines/PhpEngine.php(37): include('/usr/home/user9...')
#5 /usr/home/user9/apps/tinyurl/vendor/laravel/framework/src/Illuminate/View/Engines/CompilerEngine.php(57): Illuminate\View\Engines\PhpEngine->evaluatePath('/usr/home/user9...', Array)
#6 /usr/home/user9/apps/tinyurl/vendor/laravel/framework/src/Illuminate/View/View.php(140): Illuminate\View\Engines\CompilerEngine->get('/usr/home/user9...', Array)
#7 /usr/home/user9/apps/tinyurl/vendor/laravel/framework/src/Illuminate/View/View.php(109): Illuminate\View\View->getContents()
#8 /usr/home/user9/apps/tinyurl/vendor/laravel/framework/src/Illuminate/View/View.php(78): Illuminate\View\View->renderContents()
#9 /usr/home/user9/apps/tinyurl/vendor/laravel/framework/src/Illuminate/Http/Response.php(43): Illuminate\View\View->render()
#10 /usr/home/user9/apps/tinyurl/vendor/symfony/http-foundation/Response.php(202): Illuminate\Http\Response->setContent(Object(Illuminate\View\View))
#11 /usr/home/user9/apps/tinyurl/vendor/laravel/framework/src/Illuminate/Routing/Router.php(1501): Symfony\Component\HttpFoundation\Response->__construct(Object(Illuminate\View\View))
#12 /usr/home/user9/apps/tinyurl/vendor/laravel/framework/src/Illuminate/Routing/Router.php(1036): Illuminate\Routing\Router->prepareResponse(Object(Illuminate\Http\Request), Object(Illuminate\View\View))
#13 /usr/home/user9/apps/tinyurl/vendor/laravel/framework/src/Illuminate/Routing/Router.php(1001): Illuminate\Routing\Router->dispatchToRoute(Object(Illuminate\Http\Request))
#14 /usr/home/user9/apps/tinyurl/vendor/laravel/framework/src/Illuminate/Foundation/Application.php(781): Illuminate\Routing\Router->dispatch(Object(Illuminate\Http\Request))
#15 /usr/home/user9/apps/tinyurl/vendor/laravel/framework/src/Illuminate/Foundation/Application.php(745): Illuminate\Foundation\Application->dispatch(Object(Illuminate\Http\Request))
#16 /usr/home/user9/apps/tinyurl/vendor/laravel/framework/src/Illuminate/Session/Middleware.php(72): Illuminate\Foundation\Application->handle(Object(Illuminate\Http\Request), 1, true)
#17 /usr/home/user9/apps/tinyurl/vendor/laravel/framework/src/Illuminate/Cookie/Queue.php(47): Illuminate\Session\Middleware->handle(Object(Illuminate\Http\Request), 1, true)
#18 /usr/home/user9/apps/tinyurl/vendor/laravel/framework/src/Illuminate/Cookie/Guard.php(51): Illuminate\Cookie\Queue->handle(Object(Illuminate\Http\Request), 1, true)
#19 /usr/home/user9/apps/tinyurl/vendor/stack/builder/src/Stack/StackedHttpKernel.php(23): Illuminate\Cookie\Guard->handle(Object(Illuminate\Http\Request), 1, true)
#20 /usr/home/user9/apps/tinyurl/vendor/laravel/framework/src/Illuminate/Foundation/Application.php(641): Stack\StackedHttpKernel->handle(Object(Illuminate\Http\Request))
#21 /usr/home/user9/apps/tinyurl/public/index.php(49): Illuminate\Foundation\Application->run()
#22 {main}

Next exception 'ErrorException' with message 'call_user_func_array() expects parameter 1 to be a valid callback, class 'Illuminate\Support\MessageBag' does not have a method 'furst' (View: /usr/home/user9/apps/tinyurl/app/views/index/index.blade.php)' in /usr/home/user9/apps/tinyurl/vendor/laravel/framework/src/Illuminate/Support/ViewErrorBag.php:79
Stack trace:
#0 /usr/home/user9/apps/tinyurl/vendor/laravel/framework/src/Illuminate/View/Engines/PhpEngine.php(41): Illuminate\View\Engines\CompilerEngine->handleViewException(Object(ErrorException), 0)
#1 /usr/home/user9/apps/tinyurl/vendor/laravel/framework/src/Illuminate/View/Engines/CompilerEngine.php(57): Illuminate\View\Engines\PhpEngine->evaluatePath('/usr/home/user9...', Array)
#2 /usr/home/user9/apps/tinyurl/vendor/laravel/framework/src/Illuminate/View/View.php(140): Illuminate\View\Engines\CompilerEngine->get('/usr/home/user9...', Array)
#3 /usr/home/user9/apps/tinyurl/vendor/laravel/framework/src/Illuminate/View/View.php(109): Illuminate\View\View->getContents()
#4 /usr/home/user9/apps/tinyurl/vendor/laravel/framework/src/Illuminate/View/View.php(78): Illuminate\View\View->renderContents()
#5 /usr/home/user9/apps/tinyurl/vendor/laravel/framework/src/Illuminate/Http/Response.php(43): Illuminate\View\View->render()
#6 /usr/home/user9/apps/tinyurl/vendor/symfony/http-foundation/Response.php(202): Illuminate\Http\Response->setContent(Object(Illuminate\View\View))
#7 /usr/home/user9/apps/tinyurl/vendor/laravel/framework/src/Illuminate/Routing/Router.php(1501): Symfony\Component\HttpFoundation\Response->__construct(Object(Illuminate\View\View))
#8 /usr/home/user9/apps/tinyurl/vendor/laravel/framework/src/Illuminate/Routing/Router.php(1036): Illuminate\Routing\Router->prepareResponse(Object(Illuminate\Http\Request), Object(Illuminate\View\View))
#9 /usr/home/user9/apps/tinyurl/vendor/laravel/framework/src/Illuminate/Routing/Router.php(1001): Illuminate\Routing\Router->dispatchToRoute(Object(Illuminate\Http\Request))
#10 /usr/home/user9/apps/tinyurl/vendor/laravel/framework/src/Illuminate/Foundation/Application.php(781): Illuminate\Routing\Router->dispatch(Object(Illuminate\Http\Request))
#11 /usr/home/user9/apps/tinyurl/vendor/laravel/framework/src/Illuminate/Foundation/Application.php(745): Illuminate\Foundation\Application->dispatch(Object(Illuminate\Http\Request))
#12 /usr/home/user9/apps/tinyurl/vendor/laravel/framework/src/Illuminate/Session/Middleware.php(72): Illuminate\Foundation\Application->handle(Object(Illuminate\Http\Request), 1, true)
#13 /usr/home/user9/apps/tinyurl/vendor/laravel/framework/src/Illuminate/Cookie/Queue.php(47): Illuminate\Session\Middleware->handle(Object(Illuminate\Http\Request), 1, true)
#14 /usr/home/user9/apps/tinyurl/vendor/laravel/framework/src/Illuminate/Cookie/Guard.php(51): Illuminate\Cookie\Queue->handle(Object(Illuminate\Http\Request), 1, true)
#15 /usr/home/user9/apps/tinyurl/vendor/stack/builder/src/Stack/StackedHttpKernel.php(23): Illuminate\Cookie\Guard->handle(Object(Illuminate\Http\Request), 1, true)
#16 /usr/home/user9/apps/tinyurl/vendor/laravel/framework/src/Illuminate/Foundation/Application.php(641): Stack\StackedHttpKernel->handle(Object(Illuminate\Http\Request))
#17 /usr/home/user9/apps/tinyurl/public/index.php(49): Illuminate\Foundation\Application->run()
#18 {main} [] []
[2017-08-17 15:36:11] production.ERROR: exception 'Symfony\Component\Debug\Exception\FatalErrorException' with message 'syntax error, unexpected '$shortUrl' (T_VARIABLE)' in /usr/home/user9/apps/tinyurl/app/controllers/IndexController.php:30
Stack trace:
#0 [internal function]: Illuminate\Exception\Handler->handleShutdown()
#1 {main} [] []
[2017-08-17 15:37:05] production.ERROR: exception 'Symfony\Component\Debug\Exception\FatalErrorException' with message 'syntax error, unexpected 'if' (T_IF)' in /usr/home/user9/apps/tinyurl/app/TinyURL/Repository/LinkRepository.php:17
Stack trace:
#0 [internal function]: Illuminate\Exception\Handler->handleShutdown()
#1 {main} [] []
[2017-08-17 15:37:57] production.ERROR: exception 'Symfony\Component\Debug\Exception\FatalErrorException' with message 'syntax error, unexpected '!', expecting variable (T_VARIABLE) or '$'' in /usr/home/user9/apps/tinyurl/app/TinyURL/Repository/LinkRepository.php:17
Stack trace:
#0 [internal function]: Illuminate\Exception\Handler->handleShutdown()
#1 {main} [] []
[2017-08-18 13:35:49] production.ERROR: exception 'Symfony\Component\Debug\Exception\FatalErrorException' with message 'Class 'TinyURL\Repository\TinyURL\Repository\Link\DbLinkRepository' not found' in /usr/home/user9/apps/tinyurl/app/TinyURL/Repository/TinyURLRepositoryProvider.php:11
Stack trace:
#0 [internal function]: Illuminate\Exception\Handler->handleShutdown()
#1 {main} [] []
[2017-08-18 14:25:10] production.ERROR: exception 'Symfony\Component\HttpKernel\Exception\NotFoundHttpException' in /usr/home/user9/apps/tinyurl/vendor/laravel/framework/src/Illuminate/Routing/RouteCollection.php:148
Stack trace:
#0 /usr/home/user9/apps/tinyurl/vendor/laravel/framework/src/Illuminate/Routing/Router.php(1054): Illuminate\Routing\RouteCollection->match(Object(Illuminate\Http\Request))
#1 /usr/home/user9/apps/tinyurl/vendor/laravel/framework/src/Illuminate/Routing/Router.php(1022): Illuminate\Routing\Router->findRoute(Object(Illuminate\Http\Request))
#2 /usr/home/user9/apps/tinyurl/vendor/laravel/framework/src/Illuminate/Routing/Router.php(1001): Illuminate\Routing\Router->dispatchToRoute(Object(Illuminate\Http\Request))
#3 /usr/home/user9/apps/tinyurl/vendor/laravel/framework/src/Illuminate/Foundation/Application.php(781): Illuminate\Routing\Router->dispatch(Object(Illuminate\Http\Request))
#4 /usr/home/user9/apps/tinyurl/vendor/laravel/framework/src/Illuminate/Foundation/Application.php(745): Illuminate\Foundation\Application->dispatch(Object(Illuminate\Http\Request))
#5 /usr/home/user9/apps/tinyurl/vendor/laravel/framework/src/Illuminate/Session/Middleware.php(72): Illuminate\Foundation\Application->handle(Object(Illuminate\Http\Request), 1, true)
#6 /usr/home/user9/apps/tinyurl/vendor/laravel/framework/src/Illuminate/Cookie/Queue.php(47): Illuminate\Session\Middleware->handle(Object(Illuminate\Http\Request), 1, true)
#7 /usr/home/user9/apps/tinyurl/vendor/laravel/framework/src/Illuminate/Cookie/Guard.php(51): Illuminate\Cookie\Queue->handle(Object(Illuminate\Http\Request), 1, true)
#8 /usr/home/user9/apps/tinyurl/vendor/stack/builder/src/Stack/StackedHttpKernel.php(23): Illuminate\Cookie\Guard->handle(Object(Illuminate\Http\Request), 1, true)
#9 /usr/home/user9/apps/tinyurl/vendor/laravel/framework/src/Illuminate/Foundation/Application.php(641): Stack\StackedHttpKernel->handle(Object(Illuminate\Http\Request))
#10 /usr/home/user9/apps/tinyurl/public/index.php(49): Illuminate\Foundation\Application->run()
#11 {main} [] []
[2017-08-18 14:57:32] production.ERROR: exception 'Symfony\Component\Debug\Exception\FatalErrorException' with message 'syntax error, unexpected '('' in /usr/home/user9/apps/tinyurl/app/controllers/AuthController.php:26
Stack trace:
#0 [internal function]: Illuminate\Exception\Handler->handleShutdown()
#1 {main} [] []
[2017-08-18 14:57:32] production.ERROR: exception 'Symfony\Component\Debug\Exception\FatalErrorException' with message 'syntax error, unexpected '('' in /usr/home/user9/apps/tinyurl/app/controllers/AuthController.php:26
Stack trace:
#0 [internal function]: Illuminate\Exception\Handler->handleShutdown()
#1 {main} [] []
[2017-08-18 14:57:39] production.ERROR: exception 'Symfony\Component\Debug\Exception\FatalErrorException' with message 'syntax error, unexpected '('' in /usr/home/user9/apps/tinyurl/app/controllers/AuthController.php:26
Stack trace:
#0 [internal function]: Illuminate\Exception\Handler->handleShutdown()
#1 {main} [] []
[2017-08-18 15:59:41] production.ERROR: exception 'Symfony\Component\Debug\Exception\FatalErrorException' with message 'syntax error, unexpected 'public' (T_PUBLIC), expecting ',' or ';'' in /usr/home/user9/apps/tinyurl/app/TinyURL/Repository/Link/ShortLinkRepository.php:9
Stack trace:
#0 [internal function]: Illuminate\Exception\Handler->handleShutdown()
#1 {main} [] []
